<?xml version="1.0" encoding="UTF-8"?>
<!-- Generated by org.testng.reporters.JUnitXMLReporter -->
<testsuite ignored="13" hostname="LAPTOP-MM730DR2" failures="1" tests="1" name="Default test" time="34.279" errors="0" timestamp="2022-04-21T18:26:12 EDT">
  <testcase classname="pack3.PractiqueWebDriver" name="Mechanism" time="34.227">
    <failure type="org.openqa.selenium.TimeoutException" message="Expected condition failed: waiting for element to be clickable: By.linkText: facebook (tried for 30 second(s) with 500 milliseconds interval)
Build info: version: &amp;apos;4.1.3&amp;apos;, revision: &amp;apos;7b1ebf28ef&amp;apos;
System info: host: &amp;apos;LAPTOP-MM730DR2&amp;apos;, ip: &amp;apos;192.168.110.1&amp;apos;, os.name: &amp;apos;Windows 10&amp;apos;, os.arch: &amp;apos;amd64&amp;apos;, os.version: &amp;apos;10.0&amp;apos;, java.version: &amp;apos;16.0.1&amp;apos;
Driver info: org.openqa.selenium.chrome.ChromeDriver
Capabilities {acceptInsecureCerts: false, browserName: chrome, browserVersion: 100.0.4896.127, chrome: {chromedriverVersion: 100.0.4896.60 (6a5d10861ce8..., userDataDir: C:\Users\baldr\AppData\Loca...}, goog:chromeOptions: {debuggerAddress: localhost:63243}, javascriptEnabled: true, networkConnectionEnabled: false, pageLoadStrategy: normal, platform: WINDOWS, platformName: WINDOWS, proxy: Proxy(), se:cdp: ws://localhost:63243/devtoo..., se:cdpVersion: 100.0.4896.127, setWindowRect: true, strictFileInteractability: false, timeouts: {implicit: 0, pageLoad: 300000, script: 30000}, unhandledPromptBehavior: dismiss and notify, webauthn:extension:credBlob: true, webauthn:extension:largeBlob: true, webauthn:virtualAuthenticators: true}
Session ID: c7f2e2ddd7ccd3aa941619b1e66c7673">
      <![CDATA[org.openqa.selenium.TimeoutException: Expected condition failed: waiting for element to be clickable: By.linkText: facebook (tried for 30 second(s) with 500 milliseconds interval)
Build info: version: '4.1.3', revision: '7b1ebf28ef'
System info: host: 'LAPTOP-MM730DR2', ip: '192.168.110.1', os.name: 'Windows 10', os.arch: 'amd64', os.version: '10.0', java.version: '16.0.1'
Driver info: org.openqa.selenium.chrome.ChromeDriver
Capabilities {acceptInsecureCerts: false, browserName: chrome, browserVersion: 100.0.4896.127, chrome: {chromedriverVersion: 100.0.4896.60 (6a5d10861ce8..., userDataDir: C:\Users\baldr\AppData\Loca...}, goog:chromeOptions: {debuggerAddress: localhost:63243}, javascriptEnabled: true, networkConnectionEnabled: false, pageLoadStrategy: normal, platform: WINDOWS, platformName: WINDOWS, proxy: Proxy(), se:cdp: ws://localhost:63243/devtoo..., se:cdpVersion: 100.0.4896.127, setWindowRect: true, strictFileInteractability: false, timeouts: {implicit: 0, pageLoad: 300000, script: 30000}, unhandledPromptBehavior: dismiss and notify, webauthn:extension:credBlob: true, webauthn:extension:largeBlob: true, webauthn:virtualAuthenticators: true}
Session ID: c7f2e2ddd7ccd3aa941619b1e66c7673
at org.openqa.selenium.support.ui.WebDriverWait.timeoutException(WebDriverWait.java:87)
at org.openqa.selenium.support.ui.FluentWait.until(FluentWait.java:231)
at pack3.PractiqueWebDriver.Mechanism(PractiqueWebDriver.java:304)
at java.base/jdk.internal.reflect.NativeMethodAccessorImpl.invoke0(Native Method)
at java.base/jdk.internal.reflect.NativeMethodAccessorImpl.invoke(NativeMethodAccessorImpl.java:78)
at java.base/jdk.internal.reflect.DelegatingMethodAccessorImpl.invoke(DelegatingMethodAccessorImpl.java:43)
at java.base/java.lang.reflect.Method.invoke(Method.java:567)
at org.testng.internal.invokers.MethodInvocationHelper.invokeMethod(MethodInvocationHelper.java:135)
at org.testng.internal.invokers.TestInvoker.invokeMethod(TestInvoker.java:673)
at org.testng.internal.invokers.TestInvoker.invokeTestMethod(TestInvoker.java:220)
at org.testng.internal.invokers.MethodRunner.runInSequence(MethodRunner.java:50)
at org.testng.internal.invokers.TestInvoker$MethodInvocationAgent.invoke(TestInvoker.java:945)
at org.testng.internal.invokers.TestInvoker.invokeTestMethods(TestInvoker.java:193)
at org.testng.internal.invokers.TestMethodWorker.invokeTestMethods(TestMethodWorker.java:146)
at org.testng.internal.invokers.TestMethodWorker.run(TestMethodWorker.java:128)
at java.base/java.util.ArrayList.forEach(ArrayList.java:1511)
at org.testng.TestRunner.privateRun(TestRunner.java:808)
at org.testng.TestRunner.run(TestRunner.java:603)
at org.testng.SuiteRunner.runTest(SuiteRunner.java:429)
at org.testng.SuiteRunner.runSequentially(SuiteRunner.java:423)
at org.testng.SuiteRunner.privateRun(SuiteRunner.java:383)
at org.testng.SuiteRunner.run(SuiteRunner.java:326)
at org.testng.SuiteRunnerWorker.runSuite(SuiteRunnerWorker.java:52)
at org.testng.SuiteRunnerWorker.run(SuiteRunnerWorker.java:95)
at org.testng.TestNG.runSuitesSequentially(TestNG.java:1249)
at org.testng.TestNG.runSuitesLocally(TestNG.java:1169)
at org.testng.TestNG.runSuites(TestNG.java:1092)
at org.testng.TestNG.run(TestNG.java:1060)
at org.testng.remote.AbstractRemoteTestNG.run(AbstractRemoteTestNG.java:115)
at org.testng.remote.RemoteTestNG.initAndRun(RemoteTestNG.java:251)
at org.testng.remote.RemoteTestNG.main(RemoteTestNG.java:77)
]]>
    </failure>
  </testcase> <!-- Mechanism -->
  <testcase classname="pack3.PractiqueWebDriver" name="XpathMethod" time="0.0">
    <ignored/>
  </testcase> <!-- XpathMethod -->
  <testcase classname="pack3.PractiqueWebDriver" name="findLinksMethod" time="0.0">
    <ignored/>
  </testcase> <!-- findLinksMethod -->
  <testcase classname="pack3.PractiqueWebDriver" name="HandleWindowMethod" time="0.0">
    <ignored/>
  </testcase> <!-- HandleWindowMethod -->
  <testcase classname="pack3.PractiqueWebDriver" name="takescreenshotandReport" time="0.0">
    <ignored/>
  </testcase> <!-- takescreenshotandReport -->
  <testcase classname="pack3.PractiqueWebDriver" name="WaitMethod" time="0.0">
    <ignored/>
  </testcase> <!-- WaitMethod -->
  <testcase classname="pack3.PractiqueWebDriver" name="explicitWaitMechanism" time="0.0">
    <ignored/>
  </testcase> <!-- explicitWaitMechanism -->
  <testcase classname="pack3.PractiqueWebDriver" name="takescreenshotInput" time="0.0">
    <ignored/>
  </testcase> <!-- takescreenshotInput -->
  <testcase classname="pack3.PractiqueWebDriver" name="takescreenshotFull" time="0.0">
    <ignored/>
  </testcase> <!-- takescreenshotFull -->
  <testcase classname="pack3.PractiqueWebDriver" name="takescreenshot" time="0.0">
    <ignored/>
  </testcase> <!-- takescreenshot -->
  <testcase classname="pack3.PractiqueWebDriver" name="findMutipleMethod" time="0.0">
    <ignored/>
  </testcase> <!-- findMutipleMethod -->
  <testcase classname="pack3.PractiqueWebDriver" name="NavigateMethod" time="0.0">
    <ignored/>
  </testcase> <!-- NavigateMethod -->
  <testcase classname="pack3.PractiqueWebDriver" name="GetColorBackgroundMethod" time="0.0">
    <ignored/>
  </testcase> <!-- GetColorBackgroundMethod -->
  <testcase classname="pack3.PractiqueWebDriver" name="NameDriverMethod" time="0.0">
    <ignored/>
  </testcase> <!-- NameDriverMethod -->
</testsuite> <!-- Default test -->
